# JRE version: OpenJDK Runtime Environment (11.0.12+7) (build 11.0.12+7-b1504.28-7817840)
# Java VM: OpenJDK 64-Bit Server VM (11.0.12+7-b1504.28-7817840, mixed mode, tiered, compressed oops, g1 gc, windows-amd64)
Heap:
 garbage-first heap   total 328704K, used 213686K [0x0000000080000000, 0x0000000100000000)
  region size 1024K, 93 young (95232K), 11 survivors (11264K)
 Metaspace       used 114219K, capacity 116787K, committed 117160K, reserved 1150976K
  class space    used 14179K, capacity 15113K, committed 15256K, reserved 1048576K
GC Heap History (20 events):
Event: 917.262 GC heap before
{Heap before GC invocations=68 (full 0):
 garbage-first heap   total 328704K, used 281922K [0x0000000080000000, 0x0000000100000000)
  region size 1024K, 192 young (196608K), 17 survivors (17408K)
 Metaspace       used 94748K, capacity 97213K, committed 97408K, reserved 1134592K
  class space    used 11862K, capacity 12699K, committed 12748K, reserved 1048576K
}
Event: 917.305 GC heap after
{Heap after GC invocations=69 (full 0):
 garbage-first heap   total 328704K, used 114792K [0x0000000080000000, 0x0000000100000000)
  region size 1024K, 22 young (22528K), 22 survivors (22528K)
 Metaspace       used 94748K, capacity 97213K, committed 97408K, reserved 1134592K
  class space    used 11862K, capacity 12699K, committed 12748K, reserved 1048576K
}
Event: 1051.930 GC heap before
{Heap before GC invocations=69 (full 0):
 garbage-first heap   total 328704K, used 234600K [0x0000000080000000, 0x0000000100000000)
  region size 1024K, 140 young (143360K), 22 survivors (22528K)
 Metaspace       used 98345K, capacity 100811K, committed 100908K, reserved 1136640K
  class space    used 12343K, capacity 13230K, committed 13260K, reserved 1048576K
}
Event: 1051.956 GC heap after
{Heap after GC invocations=70 (full 0):
 garbage-first heap   total 328704K, used 118163K [0x0000000080000000, 0x0000000100000000)
  region size 1024K, 15 young (15360K), 15 survivors (15360K)
 Metaspace       used 98345K, capacity 100811K, committed 100908K, reserved 1136640K
  class space    used 12343K, capacity 13230K, committed 13260K, reserved 1048576K
}
Event: 1058.456 GC heap before
{Heap before GC invocations=71 (full 0):
 garbage-first heap   total 328704K, used 274835K [0x0000000080000000, 0x0000000100000000)
  region size 1024K, 168 young (172032K), 15 survivors (15360K)
 Metaspace       used 105625K, capacity 108170K, committed 108328K, reserved 1144832K
  class space    used 13192K, capacity 14102K, committed 14104K, reserved 1048576K
}
Event: 1058.480 GC heap after
{Heap after GC invocations=72 (full 0):
 garbage-first heap   total 328704K, used 124416K [0x0000000080000000, 0x0000000100000000)
  region size 1024K, 10 young (10240K), 10 survivors (10240K)
 Metaspace       used 105625K, capacity 108170K, committed 108328K, reserved 1144832K
  class space    used 13192K, capacity 14102K, committed 14104K, reserved 1048576K
}
Event: 1154.914 GC heap before
{Heap before GC invocations=73 (full 0):
 garbage-first heap   total 328704K, used 273920K [0x0000000080000000, 0x0000000100000000)
  region size 1024K, 157 young (160768K), 10 survivors (10240K)
 Metaspace       used 105962K, capacity 108334K, committed 108712K, reserved 1144832K
  class space    used 13211K, capacity 14079K, committed 14232K, reserved 1048576K
}
Event: 1154.941 GC heap after
{Heap after GC invocations=74 (full 0):
 garbage-first heap   total 328704K, used 123356K [0x0000000080000000, 0x0000000100000000)
  region size 1024K, 9 young (9216K), 9 survivors (9216K)
 Metaspace       used 105962K, capacity 108334K, committed 108712K, reserved 1144832K
  class space    used 13211K, capacity 14079K, committed 14232K, reserved 1048576K
}
Event: 1422.391 GC heap before
{Heap before GC invocations=74 (full 0):
 garbage-first heap   total 328704K, used 277980K [0x0000000080000000, 0x0000000100000000)
  region size 1024K, 160 young (163840K), 9 survivors (9216K)
 Metaspace       used 105988K, capacity 108399K, committed 108712K, reserved 1144832K
  class space    used 13211K, capacity 14079K, committed 14232K, reserved 1048576K
}
Event: 1422.412 GC heap after
{Heap after GC invocations=75 (full 0):
 garbage-first heap   total 328704K, used 122264K [0x0000000080000000, 0x0000000100000000)
  region size 1024K, 8 young (8192K), 8 survivors (8192K)
 Metaspace       used 105988K, capacity 108399K, committed 108712K, reserved 1144832K
  class space    used 13211K, capacity 14079K, committed 14232K, reserved 1048576K
}
Event: 1684.845 GC heap before
{Heap before GC invocations=75 (full 0):
 garbage-first heap   total 328704K, used 280984K [0x0000000080000000, 0x0000000100000000)
  region size 1024K, 163 young (166912K), 8 survivors (8192K)
 Metaspace       used 106006K, capacity 108463K, committed 108712K, reserved 1144832K
  class space    used 13211K, capacity 14079K, committed 14232K, reserved 1048576K
}
Event: 1684.866 GC heap after
{Heap after GC invocations=76 (full 0):
 garbage-first heap   total 328704K, used 121856K [0x0000000080000000, 0x0000000100000000)
  region size 1024K, 7 young (7168K), 7 survivors (7168K)
 Metaspace       used 106006K, capacity 108463K, committed 108712K, reserved 1144832K
  class space    used 13211K, capacity 14079K, committed 14232K, reserved 1048576K
}
Event: 1839.065 GC heap before
{Heap before GC invocations=76 (full 0):
 garbage-first heap   total 328704K, used 283648K [0x0000000080000000, 0x0000000100000000)
  region size 1024K, 165 young (168960K), 7 survivors (7168K)
 Metaspace       used 106548K, capacity 108985K, committed 109224K, reserved 1144832K
  class space    used 13260K, capacity 14145K, committed 14232K, reserved 1048576K
}
Event: 1839.083 GC heap after
{Heap after GC invocations=77 (full 0):
 garbage-first heap   total 328704K, used 123218K [0x0000000080000000, 0x0000000100000000)
  region size 1024K, 9 young (9216K), 9 survivors (9216K)
 Metaspace       used 106548K, capacity 108985K, committed 109224K, reserved 1144832K
  class space    used 13260K, capacity 14145K, committed 14232K, reserved 1048576K
}
Event: 1958.920 GC heap before
{Heap before GC invocations=77 (full 0):
 garbage-first heap   total 328704K, used 283986K [0x0000000080000000, 0x0000000100000000)
  region size 1024K, 166 young (169984K), 9 survivors (9216K)
 Metaspace       used 108778K, capacity 111140K, committed 111528K, reserved 1146880K
  class space    used 13492K, capacity 14352K, committed 14488K, reserved 1048576K
}
Event: 1958.944 GC heap after
{Heap after GC invocations=78 (full 0):
 garbage-first heap   total 328704K, used 123904K [0x0000000080000000, 0x0000000100000000)
  region size 1024K, 9 young (9216K), 9 survivors (9216K)
 Metaspace       used 108778K, capacity 111140K, committed 111528K, reserved 1146880K
  class space    used 13492K, capacity 14352K, committed 14488K, reserved 1048576K
}
Event: 2042.623 GC heap before
{Heap before GC invocations=78 (full 0):
 garbage-first heap   total 328704K, used 287744K [0x0000000080000000, 0x0000000100000000)
  region size 1024K, 167 young (171008K), 9 survivors (9216K)
 Metaspace       used 112161K, capacity 114759K, committed 114856K, reserved 1148928K
  class space    used 13946K, capacity 14928K, committed 15000K, reserved 1048576K
}
Event: 2042.640 GC heap after
{Heap after GC invocations=79 (full 0):
 garbage-first heap   total 328704K, used 129439K [0x0000000080000000, 0x0000000100000000)
  region size 1024K, 13 young (13312K), 13 survivors (13312K)
 Metaspace       used 112161K, capacity 114759K, committed 114856K, reserved 1148928K
  class space    used 13946K, capacity 14928K, committed 15000K, reserved 1048576K
}
Event: 2043.597 GC heap before
{Heap before GC invocations=79 (full 0):
 garbage-first heap   total 328704K, used 280991K [0x0000000080000000, 0x0000000100000000)
  region size 1024K, 161 young (164864K), 13 survivors (13312K)
 Metaspace       used 112177K, capacity 114759K, committed 114856K, reserved 1148928K
  class space    used 13946K, capacity 14928K, committed 15000K, reserved 1048576K
}
Event: 2043.617 GC heap after
{Heap after GC invocations=80 (full 0):
 garbage-first heap   total 328704K, used 130742K [0x0000000080000000, 0x0000000100000000)
  region size 1024K, 11 young (11264K), 11 survivors (11264K)
 Metaspace       used 112177K, capacity 114759K, committed 114856K, reserved 1148928K
  class space    used 13946K, capacity 14928K, committed 15000K, reserved 1048576K
}

